c:\users\lin\desktop\vga_tool\vga_tool\x64\release\visual_analysis.obj
c:\users\lin\desktop\vga_tool\vga_tool\x64\release\vga_tool.obj
c:\users\lin\desktop\vga_tool\vga_tool\x64\release\main.obj
c:\users\lin\desktop\vga_tool\vga_tool\x64\release\visual_revealing.obj
c:\users\lin\desktop\vga_tool\vga_tool\x64\release\qrc_vga_tool.obj
c:\users\lin\desktop\vga_tool\vga_tool\x64\release\moc_vga_tool.obj
c:\users\lin\desktop\vga_tool\x64\release\vga_tool.exe
c:\users\lin\desktop\vga_tool\vga_tool\.\generatedfiles\release\moc_vga_tool.cpp
c:\users\lin\desktop\vga_tool\vga_tool\x64\release\vga_tool.res
c:\users\lin\desktop\vga_tool\vga_tool\.\generatedfiles\qrc_vga_tool.cpp
c:\users\lin\desktop\vga_tool\vga_tool\.\generatedfiles\ui_vga_tool.h
c:\users\lin\desktop\vga_tool\vga_tool\generatedfiles\ui_vga_tool.h
c:\users\lin\desktop\vga_tool\vga_tool\generatedfiles\qrc_vga_tool.cpp
c:\users\lin\desktop\vga_tool\vga_tool\generatedfiles\release\moc_vga_tool.cpp
c:\users\lin\desktop\vga_tool\vga_tool\x64\release\vga_tool.tlog\cl.command.1.tlog
c:\users\lin\desktop\vga_tool\vga_tool\x64\release\vga_tool.tlog\cl.read.1.tlog
c:\users\lin\desktop\vga_tool\vga_tool\x64\release\vga_tool.tlog\cl.write.1.tlog
c:\users\lin\desktop\vga_tool\vga_tool\x64\release\vga_tool.tlog\link.command.1.tlog
c:\users\lin\desktop\vga_tool\vga_tool\x64\release\vga_tool.tlog\link.read.1.tlog
c:\users\lin\desktop\vga_tool\vga_tool\x64\release\vga_tool.tlog\link.write.1.tlog
c:\users\lin\desktop\vga_tool\vga_tool\x64\release\vga_tool.tlog\moc.read.1u.tlog
c:\users\lin\desktop\vga_tool\vga_tool\x64\release\vga_tool.tlog\moc.write.1u.tlog
c:\users\lin\desktop\vga_tool\vga_tool\x64\release\vga_tool.tlog\rc.command.1.tlog
c:\users\lin\desktop\vga_tool\vga_tool\x64\release\vga_tool.tlog\rc.read.1.tlog
c:\users\lin\desktop\vga_tool\vga_tool\x64\release\vga_tool.tlog\rc.write.1.tlog
c:\users\lin\desktop\vga_tool\vga_tool\x64\release\vga_tool.tlog\rcc.read.1u.tlog
c:\users\lin\desktop\vga_tool\vga_tool\x64\release\vga_tool.tlog\rcc.write.1u.tlog
c:\users\lin\desktop\vga_tool\vga_tool\x64\release\vga_tool.tlog\uic.read.1u.tlog
c:\users\lin\desktop\vga_tool\vga_tool\x64\release\vga_tool.tlog\uic.write.1u.tlog
c:\users\lin\desktop\vga_tool\vga_tool\x64\release\vga_tool.tlog\vga_tool.write.1u.tlog
